<?xml version="1.0" encoding="UTF-8"?>
<!-- Generated by org.testng.reporters.JUnitReportReporter -->
<testsuite hostname="DESKTOP-O213TSE" failures="0" tests="10" name="com.stackroute.SeleniumAdvJSExecutor.AppTest" time="8.243" errors="0" timestamp="2021-01-06T11:27:10 IST" skipped="0">
  <testcase classname="com.stackroute.SeleniumAdvJSExecutor.AppTest" name="T07_highLightAnElement" time="0.056"/>
  <system-out/>
  <testcase classname="com.stackroute.SeleniumAdvJSExecutor.AppTest" name="T01_returnTest" time="0.060"/>
  <system-out/>
  <testcase classname="com.stackroute.SeleniumAdvJSExecutor.AppTest" name="T03_getTitle" time="0.053"/>
  <system-out/>
  <testcase classname="com.stackroute.SeleniumAdvJSExecutor.AppTest" name="T05_ccrollDownUntilAnElementDisplayed" time="0.116"/>
  <system-out/>
  <testcase classname="com.stackroute.SeleniumAdvJSExecutor.AppTest" name="T08_hideAndShowElement" time="0.064"/>
  <system-out/>
  <testcase classname="com.stackroute.SeleniumAdvJSExecutor.AppTest" name="T04_refreshBrowser" time="0.451"/>
  <system-out/>
  <testcase classname="com.stackroute.SeleniumAdvJSExecutor.AppTest" name="T10_navigateToOtherPage" time="7.176"/>
  <system-out/>
  <testcase classname="com.stackroute.SeleniumAdvJSExecutor.AppTest" name="T02_alertPopUpWindow" time="0.112"/>
  <system-out/>
  <testcase classname="com.stackroute.SeleniumAdvJSExecutor.AppTest" name="T06_getURL" time="0.042"/>
  <system-out/>
  <testcase classname="com.stackroute.SeleniumAdvJSExecutor.AppTest" name="T09_createAnAnonymousFunction" time="0.113"/>
  <system-out/>
</testsuite> <!-- com.stackroute.SeleniumAdvJSExecutor.AppTest -->
