<?xml version="1.0" encoding="UTF-8"?>
<!-- Generated by org.testng.reporters.JUnitReportReporter -->
<testsuite hostname="DESKTOP-O213TSE" failures="0" tests="1" name="com.SeleniumTestIntro.AppTest" time="10.255" errors="0" timestamp="2021-02-03T11:37:03 IST" skipped="0">
  <testcase classname="com.SeleniumTestIntro.AppTest" name="verifyLoginTest" time="10.255"/>
  <system-out/>
</testsuite> <!-- com.SeleniumTestIntro.AppTest -->
