<?xml version="1.0" encoding="UTF-8"?>
<!-- Generated by org.testng.reporters.JUnitReportReporter -->
<testsuite hostname="DESKTOP-O213TSE" failures="0" tests="1" name="com.stackroute.seleniumPOM.TestPages.DashboardPageTest" time="16.364" errors="0" timestamp="2021-02-05T11:36:50 IST" skipped="0">
  <testcase classname="com.stackroute.seleniumPOM.TestPages.DashboardPageTest" name="logoutTest" time="16.364"/>
  <system-out/>
</testsuite> <!-- com.stackroute.seleniumPOM.TestPages.DashboardPageTest -->
