<?xml version="1.0" encoding="UTF-8"?>
<!-- Generated by org.testng.reporters.JUnitReportReporter -->
<testsuite hostname="DESKTOP-O213TSE" failures="0" tests="2" name="com.stackroute.seleniumPOM.TestPages.LoginPageTest" time="9.846" errors="0" timestamp="2021-02-05T11:36:50 IST" skipped="0">
  <testcase classname="com.stackroute.seleniumPOM.TestPages.LoginPageTest" name="InvalidLoginTest" time="2.992"/>
  <system-out/>
  <testcase classname="com.stackroute.seleniumPOM.TestPages.LoginPageTest" name="validLoginTest" time="6.854"/>
  <system-out/>
</testsuite> <!-- com.stackroute.seleniumPOM.TestPages.LoginPageTest -->
