<?xml version="1.0" encoding="UTF-8"?>
<!-- Generated by org.testng.reporters.JUnitReportReporter -->
<testsuite hostname="DESKTOP-O213TSE" failures="0" tests="1" name="com.SeleniumApachePOI.AppTest" time="7.692" errors="0" timestamp="2021-02-04T16:14:02 IST" skipped="0">
  <testcase classname="com.SeleniumApachePOI.AppTest" name="verifyLoginTest01" time="7.692"/>
  <system-out/>
</testsuite> <!-- com.SeleniumApachePOI.AppTest -->
