<?xml version="1.0" encoding="UTF-8"?>
<!-- Generated by org.testng.reporters.JUnitReportReporter -->
<testsuite hostname="DESKTOP-O213TSE" failures="0" tests="1" name="com.SeleniumJSExecutor.AppTest" time="25.995" errors="0" timestamp="2021-02-04T11:41:06 IST" skipped="0">
  <testcase classname="com.SeleniumJSExecutor.AppTest" name="initDriver" time="25.995"/>
  <system-out/>
</testsuite> <!-- com.SeleniumJSExecutor.AppTest -->
